<?xml version="1.0" encoding="UTF-8"?>
<!-- Generated by org.testng.reporters.JUnitXMLReporter -->
<testsuite hostname="PUNHJW256997L" ignored="0" name="Browser Stack Execution" tests="2" failures="0" timestamp="28 Sep 2020 18:50:46 GMT" time="38.967" errors="0">
  <testcase name="checkInventoryItemListSizeTest" time="3.891" classname="com.cloud.testing.CloudTestCases"/>
  <testcase name="checkAddToCartButtonSizeTest" time="4.386" classname="com.cloud.testing.CloudTestCases"/>
</testsuite> <!-- Browser Stack Execution -->
