<?xml version="1.0" encoding="UTF-8"?>
<testng-results skipped="0" failed="0" ignored="0" total="2" passed="2">
  <reporter-output>
  </reporter-output>
  <suite name="Cloud Testing" duration-ms="38967" started-at="2020-09-28T18:50:07Z" finished-at="2020-09-28T18:50:46Z">
    <groups>
    </groups>
    <test name="Browser Stack Execution" duration-ms="38967" started-at="2020-09-28T18:50:07Z" finished-at="2020-09-28T18:50:46Z">
      <class name="com.cloud.testing.CloudTestCases">
        <test-method status="PASS" signature="selectCloud()[pri:0, instance:com.cloud.testing.CloudTestCases@13da22c]" name="selectCloud" is-config="true" duration-ms="15669" started-at="2020-09-28T18:50:08Z" finished-at="2020-09-28T18:50:23Z">
          <reporter-output>
          </reporter-output>
        </test-method> <!-- selectCloud -->
        <test-method status="PASS" signature="checkInventoryItemListSizeTest()[pri:1, instance:com.cloud.testing.CloudTestCases@13da22c]" name="checkInventoryItemListSizeTest" duration-ms="3891" started-at="2020-09-28T18:50:23Z" finished-at="2020-09-28T18:50:27Z">
          <reporter-output>
          </reporter-output>
        </test-method> <!-- checkInventoryItemListSizeTest -->
        <test-method status="PASS" signature="selectCloud()[pri:0, instance:com.cloud.testing.CloudTestCases@13da22c]" name="selectCloud" is-config="true" duration-ms="14989" started-at="2020-09-28T18:50:27Z" finished-at="2020-09-28T18:50:42Z">
          <reporter-output>
          </reporter-output>
        </test-method> <!-- selectCloud -->
        <test-method status="PASS" signature="checkAddToCartButtonSizeTest()[pri:2, instance:com.cloud.testing.CloudTestCases@13da22c]" name="checkAddToCartButtonSizeTest" duration-ms="4386" started-at="2020-09-28T18:50:42Z" finished-at="2020-09-28T18:50:46Z">
          <reporter-output>
          </reporter-output>
        </test-method> <!-- checkAddToCartButtonSizeTest -->
      </class> <!-- com.cloud.testing.CloudTestCases -->
    </test> <!-- Browser Stack Execution -->
  </suite> <!-- Cloud Testing -->
</testng-results>
